<?xml version="1.0" encoding="UTF-8"?>
<testng-results skipped="0" failed="0" ignored="2" total="3" passed="1">
  <reporter-output>
  </reporter-output>
  <suite name="LocatorTest" duration-ms="27378" started-at="2017-06-15T12:29:09Z" finished-at="2017-06-15T12:29:36Z">
    <groups>
    </groups>
    <test name="LocatorTest" duration-ms="27378" started-at="2017-06-15T12:29:09Z" finished-at="2017-06-15T12:29:36Z">
      <class name="Module3.LocatorTest.Locator_EmailCreation">
        <test-method status="PASS" signature="setUp()[pri:0, instance:Module3.LocatorTest.Locator_EmailCreation@402a079c]" name="setUp" is-config="true" duration-ms="6810" started-at="2017-06-15T16:29:09Z" finished-at="2017-06-15T16:29:15Z">
          <reporter-output>
          </reporter-output>
        </test-method> <!-- setUp -->
        <test-method status="PASS" signature="sendEmail()[pri:0, instance:Module3.LocatorTest.Locator_EmailCreation@402a079c]" name="sendEmail" duration-ms="19420" started-at="2017-06-15T16:29:15Z" finished-at="2017-06-15T16:29:35Z">
          <reporter-output>
          </reporter-output>
        </test-method> <!-- sendEmail -->
        <test-method status="PASS" signature="closeBrowser()[pri:0, instance:Module3.LocatorTest.Locator_EmailCreation@402a079c]" name="closeBrowser" is-config="true" duration-ms="1125" started-at="2017-06-15T16:29:35Z" finished-at="2017-06-15T16:29:36Z">
          <reporter-output>
          </reporter-output>
        </test-method> <!-- closeBrowser -->
      </class> <!-- Module3.LocatorTest.Locator_EmailCreation -->
    </test> <!-- LocatorTest -->
  </suite> <!-- LocatorTest -->
</testng-results>
