<?xml version="1.0" encoding="UTF-8"?>
<!-- Generated by org.testng.reporters.JUnitXMLReporter -->
<testsuite hostname="EPAMYERW0074" ignored="2" name="LocatorTest" tests="1" failures="0" timestamp="15 Jun 2017 12:29:36 GMT" time="27.378" errors="0">
  <testcase name="sendEmail" time="19.42" classname="Module3.LocatorTest.Locator_EmailCreation"/>
  <testcase name="emailLogin" time="0.0" classname="Module3.LocatorTest.Locator_EmailCreation">
    <ignored/>
  </testcase> <!-- emailLogin -->
  <testcase name="createNewEmail" time="0.0" classname="Module3.LocatorTest.Locator_EmailCreation">
    <ignored/>
  </testcase> <!-- createNewEmail -->
</testsuite> <!-- LocatorTest -->
